21 1 H 270
24 -2 T 180
18 0 H 180
13 -1 H 180
18 -2 H 0
19 8 T 0
25 -6 H 270
14 1 H 0
21 2 T 90
13 0 H 0
22 3 H 90
28 3 H 270
20 5 H 0
24 7 H 180
25 11 T 90
15 8 T 0
30 6 H 0
17 0 H 0
20 4 H 270
20 11 H 0
27 3 H 0
21 -4 H 180
15 9 H 0
27 12 H 0
21 7 H 270
28 10 H 270
8 2 T 90
20 10 T 90
10 1 H 270
5 -4 H 180
15 1 T 180
24 19 H 90
15 10 T 90
8 -4 H 270
23 16 T 90
14 5 T 180
6 7 H 90
30 19 H 270
29 21 T 180
10 6 H 0
4 3 H 90
3 5 T 90
23 18 T 90
6 5 H 90
24 4 H 270
17 10 H 90
15 1 H 90
27 22 H 0
26 18 T 180
24 16 H 0
26 22 H 90
5 10 H 90
4 5 H 270
2 8 H 270
-2 10 H 180
2 3 T 90
25 30 H 0
2 13 H 270
28 30 H 0
-5 13 H 180
0 8 T 180
2 3 H 90
6 17 H 0
0 14 T 180
0 -3 T 90
-1 -2 T 90
24 20 H 0
30 28 H 0
3 -3 H 270
13 1 H 0
-4 21 H 90
4 16 H 0
2 18 T 180
0 7 H 90
11 12 H 180
1 8 T 270
1 5 H 0
1 7 H 0
-3 0 H 180
22 24 H 90
0 -1 T 180
3 3 T 180
15 27 T 0
16 29 T 270
13 30 T 270
-3 24 T 0
21 12 T 180
-7 -5 H 90
23 23 T 180
11 28 H 0
5 21 H 90
5 24 H 180
-1 25 T 0
18 26 T 0
8 29 H 0
12 22 T 0
24 21 T 270
0 23 H 180
21 15 H 180
13 14 H 90
16 20 H 270
23 23 H 0
20 16 T 180
21 24 H 0
4 30 H 0
2 22 H 180
16 7 H 270
17 14 H 0
12 16 T 0
11 11 T 90
3 19 H 90
1 20 T 90
5 14 H 90
7 21 H 0
14 25 H 0
11 13 H 0
9 8 T 90
5 26 H 90
3 20 H 180
13 19 T 90
8 17 H 270
12 17 H 180
4 19 T 0
11 24 H 90
6 25 H 90
0 25 H 270
6 16 H 90
11 17 H 180
14 15 T 270
15 22 T 270
9 17 H 180
6 18 H 90
8 12 H 180




8 14 H 180









7 14 H 180
13 23 H 0






5 22 T 0





